
  [32m[1mVITE[22m v7.3.1[39m  [2mready in [0m[1m3074[22m[2m[0m ms[22m

  [32mÔ×£[39m  [1mLocal[22m:   [36mhttp://localhost:[1m3001[22m/[39m
[2m  [32mÔ×£[39m  [1mNetwork[22m[2m: use [22m[1m--host[22m[2m to expose[22m
[2m20:41:52[22m [36m[1m[vite][22m[39m [90m[2m(client)[22m[39m [32mhmr update [39m[2m/main.tsx, /app/globals.css[22m
[2m20:41:52[22m [36m[1m[vite][22m[39m [90m[2m(client)[22m[39m [32mhmr update [39m[2m/main.tsx, /app/globals.css[22m
[2m20:42:55[22m [36m[1m[vite][22m[39m [90m[2m(client)[22m[39m [32mpage reload [39m[2mindex.html[22m
[2m20:42:55[22m [36m[1m[vite][22m[39m [90m[2m(client)[22m[39m [32mpage reload [39m[2mindex.html[22m
[2m20:44:57[22m [36m[1m[vite][22m[39m [90m[2m(client)[22m[39m [32mhmr update [39m[2m/main.tsx, /app/globals.css[22m
[2m20:47:49[22m [36m[1m[vite][22m[39m [90m[2m(client)[22m[39m [32mpage reload [39m[2mmain.tsx[22m
[2m20:50:25[22m [36m[1m[vite][22m[39m [90m[2m(client)[22m[39m [32mhmr update [39m[2m/main.tsx, /app/globals.css[22m
[2m20:50:25[22m [36m[1m[vite][22m[39m [90m[2m(client)[22m[39m [32mhmr update [39m[2m/main.tsx, /app/globals.css[22m
[2m20:51:29[22m [36m[1m[vite][22m[39m [90m[2m(client)[22m[39m [32mhmr update [39m[2m/main.tsx, /app/globals.css[22m
[2m21:00:30[22m [36m[1m[vite][22m[39m [90m[2m(client)[22m[39m [32mhmr update [39m[2m/main.tsx, /app/globals.css[22m
[2m21:00:30[22m [36m[1m[vite][22m[39m [90m[2m(client)[22m[39m [32mhmr update [39m[2m/main.tsx, /app/globals.css[22m
[2m21:00:37[22m [36m[1m[vite][22m[39m [90m[2m(client)[22m[39m [32mpage reload [39m[2mindex.html[22m
[2m21:02:13[22m [36m[1m[vite][22m[39m [90m[2m(client)[22m[39m [32mhmr update [39m[2m/main.tsx, /app/globals.css[22m
[2m21:02:13[22m [36m[1m[vite][22m[39m [90m[2m(client)[22m[39m [32mhmr update [39m[2m/main.tsx, /app/globals.css[22m
node.exe : [2m21:02:17[22m [31m[1m[vite][22m[39m 
[31m[2m(client)[22m[39m Pre-transform error: 
C:\Users\Usu├írio\Documents\Verifica├º├úo\PLATAFORMA\allka-2026\main.tsx: 
Identifier 'ErrorBoundary' has already been declared. (46:6)
No C:\Program Files\nodejs\npx.ps1:30 caractere:3
+   & $NODE_EXE $NPX_CLI_JS $args
+   ~~~~~~~~~~~~~~~~~~~~~~~~~~~~~
    + CategoryInfo          : NotSpecified: ([2m21:02:17[2...eclared. (46:6) 
   :String) [], RemoteException
    + FullyQualifiedErrorId : NativeCommandError
 

[0m [90m 44 |[39m })
 [90m 45 |[39m
[31m[1m>[22m[39m[90m 46 |[39m [36mclass[39m [33mErrorBoundary[39m 
[36mextends[39m [33mReact[39m[33m.[39m[33mComponent[39m[33m<[39m{ 
children[33m:[39m [33mReact[39m[33m.[39m[33mReactNode[39m }[33m,[39m 
{ error[33m:[39m [33mError[39m [33m|[39m [36mnull[39m }[33m>[39m {
 [90m    |[39m       [31m[1m^[22m[39m
 [90m 47 |[39m   constructor(props[33m:[39m { children[33m:[39m 
[33mReact[39m[33m.[39m[33mReactNode[39m }) { 
[36msuper[39m(props)[33m;[39m [36mthis[39m[33m.[39mstate [33m=[39m { 
error[33m:[39m [36mnull[39m } }
 [90m 48 |[39m   [36mstatic[39m getDerivedStateFromError(error[33m:[39m 
[33mError[39m) { [36mreturn[39m { error } }
 [90m 49 |[39m   render() {[0m
  Plugin: [35mvite:react-babel[39m
  File: [36mC:/Users/Usu├írio/Documents/Verifica├º├úo/PLATAFORMA/allka-2026/ma
in.tsx[39m:46:6
[33m  44 |  })
  45 |  
  46 |  class ErrorBoundary extends React.Component<{ children: 
React.ReactNode }, { error: Error | null }> {
     |                                                     ^
  47 |    constructor(props: { children: React.ReactNode }) { super(props); 
this.state = { error: null } }
  48 |    static getDerivedStateFromError(error: Error) { return { error } 
}[39m
[2m21:02:17[22m [31m[1m[vite][22m[39m [31mInternal server error: 
C:\Users\Usu├írio\Documents\Verifica├º├úo\PLATAFORMA\allka-2026\main.tsx: 
Identifier 'ErrorBoundary' has already been declared. (46:6)

[0m [90m 44 |[31m })
 [90m 45 |[31m
[31m[1m>[22m[31m[90m 46 |[31m [36mclass[31m [33mErrorBoundary[31m 
[36mextends[31m [33mReact[31m[33m.[31m[33mComponent[31m[33m<[31m{ 
children[33m:[31m [33mReact[31m[33m.[31m[33mReactNode[31m }[33m,[31m 
{ error[33m:[31m [33mError[31m [33m|[31m [36mnull[31m }[33m>[31m {
 [90m    |[31m       [31m[1m^[22m[31m
 [90m 47 |[31m   constructor(props[33m:[31m { children[33m:[31m 
[33mReact[31m[33m.[31m[33mReactNode[31m }) { 
[36msuper[31m(props)[33m;[31m [36mthis[31m[33m.[31mstate [33m=[31m { 
error[33m:[31m [36mnull[31m } }
 [90m 48 |[31m   [36mstatic[31m getDerivedStateFromError(error[33m:[31m 
[33mError[31m) { [36mreturn[31m { error } }
 [90m 49 |[31m   render() {[0m[39m
  Plugin: [35mvite:react-babel[39m
  File: [36mC:/Users/Usu├írio/Documents/Verifica├º├úo/PLATAFORMA/allka-2026/ma
in.tsx[39m:46:6
[33m  44 |  })
  45 |  
  46 |  class ErrorBoundary extends React.Component<{ children: 
React.ReactNode }, { error: Error | null }> {
     |                                                     ^
  47 |    constructor(props: { children: React.ReactNode }) { super(props); 
this.state = { error: null } }
  48 |    static getDerivedStateFromError(error: Error) { return { error } 
}[39m
      at constructor (C:\Users\Usu├írio\Documents\Verifica├º├úo\PLATAFORMA\allk
a-2026\node_modules\@babel\parser\lib\index.js:365:19)
      at TypeScriptParserMixin.raise (C:\Users\Usu├írio\Documents\Verifica├º├úo
\PLATAFORMA\allka-2026\node_modules\@babel\parser\lib\index.js:6599:19)
      at TypeScriptScopeHandler.checkRedeclarationInScope (C:\Users\Usu├írio\Do
cuments\Verifica├º├úo\PLATAFORMA\allka-2026\node_modules\@babel\parser\lib\inde
x.js:1619:19)
      at TypeScriptScopeHandler.declareName (C:\Users\Usu├írio\Documents\Verifi
ca├º├úo\PLATAFORMA\allka-2026\node_modules\@babel\parser\lib\index.js:1585:12)
      at TypeScriptScopeHandler.declareName (C:\Users\Usu├írio\Documents\Verifi
ca├º├úo\PLATAFORMA\allka-2026\node_modules\@babel\parser\lib\index.js:4880:11)
      at TypeScriptParserMixin.declareNameFromIdentifier (C:\Users\Usu├írio\Doc
uments\Verifica├º├úo\PLATAFORMA\allka-2026\node_modules\@babel\parser\lib\index
.js:7567:16)
      at TypeScriptParserMixin.parseClassId (C:\Users\Usu├írio\Documents\Verifi
ca├º├úo\PLATAFORMA\allka-2026\node_modules\@babel\parser\lib\index.js:13767:14)
      at TypeScriptParserMixin.parseClassId (C:\Users\Usu├írio\Documents\Verifi
ca├º├úo\PLATAFORMA\allka-2026\node_modules\@babel\parser\lib\index.js:9644:11)
      at TypeScriptParserMixin.parseClass (C:\Users\Usu├írio\Documents\Verifica
├º├úo\PLATAFORMA\allka-2026\node_modules\@babel\parser\lib\index.js:13472:10)
      at TypeScriptParserMixin.parseClass (C:\Users\Usu├írio\Documents\Verifica
├º├úo\PLATAFORMA\allka-2026\node_modules\@babel\parser\lib\index.js:10079:20)
      at TypeScriptParserMixin.parseStatementContent (C:\Users\Usu├írio\Documen
ts\Verifica├º├úo\PLATAFORMA\allka-2026\node_modules\@babel\parser\lib\index.js:
12794:21)
      at TypeScriptParserMixin.parseStatementContent (C:\Users\Usu├írio\Documen
ts\Verifica├º├úo\PLATAFORMA\allka-2026\node_modules\@babel\parser\lib\index.js:
9508:18)
      at TypeScriptParserMixin.parseStatementLike (C:\Users\Usu├írio\Documents\
Verifica├º├úo\PLATAFORMA\allka-2026\node_modules\@babel\parser\lib\index.js:127
67:17)
      at TypeScriptParserMixin.parseModuleItem (C:\Users\Usu├írio\Documents\Ver
ifica├º├úo\PLATAFORMA\allka-2026\node_modules\@babel\parser\lib\index.js:12744:
17)
      at TypeScriptParserMixin.parseBlockOrModuleBlockBody (C:\Users\Usu├írio\D
ocuments\Verifica├º├úo\PLATAFORMA\allka-2026\node_modules\@babel\parser\lib\ind
ex.js:13316:36)
      at TypeScriptParserMixin.parseBlockBody (C:\Users\Usu├írio\Documents\Veri
fica├º├úo\PLATAFORMA\allka-2026\node_modules\@babel\parser\lib\index.js:13309:1
0)
      at TypeScriptParserMixin.parseProgram (C:\Users\Usu├írio\Documents\Verifi
ca├º├úo\PLATAFORMA\allka-2026\node_modules\@babel\parser\lib\index.js:12622:10)
      at TypeScriptParserMixin.parseTopLevel (C:\Users\Usu├írio\Documents\Verif
ica├º├úo\PLATAFORMA\allka-2026\node_modules\@babel\parser\lib\index.js:12612:25
)
      at TypeScriptParserMixin.parse (C:\Users\Usu├írio\Documents\Verifica├º├úo
\PLATAFORMA\allka-2026\node_modules\@babel\parser\lib\index.js:14488:25)
      at TypeScriptParserMixin.parse (C:\Users\Usu├írio\Documents\Verifica├º├úo
\PLATAFORMA\allka-2026\node_modules\@babel\parser\lib\index.js:10126:18)
      at parse (C:\Users\Usu├írio\Documents\Verifica├º├úo\PLATAFORMA\allka-2026
\node_modules\@babel\parser\lib\index.js:14522:38)
      at parser (C:\Users\Usu├írio\Documents\Verifica├º├úo\PLATAFORMA\allka-202
6\node_modules\@babel\core\lib\parser\index.js:41:34)
      at parser.next (<anonymous>)
      at normalizeFile (C:\Users\Usu├írio\Documents\Verifica├º├úo\PLATAFORMA\al
lka-2026\node_modules\@babel\core\lib\transformation\normalize-file.js:64:37)
      at normalizeFile.next (<anonymous>)
      at run (C:\Users\Usu├írio\Documents\Verifica├º├úo\PLATAFORMA\allka-2026\n
ode_modules\@babel\core\lib\transformation\index.js:22:50)
      at run.next (<anonymous>)
      at transform (C:\Users\Usu├írio\Documents\Verifica├º├úo\PLATAFORMA\allka-
2026\node_modules\@babel\core\lib\transform.js:22:33)
      at transform.next (<anonymous>)
      at step (C:\Users\Usu├írio\Documents\Verifica├º├úo\PLATAFORMA\allka-2026\
node_modules\gensync\index.js:261:32)
      at C:\Users\Usu├írio\Documents\Verifica├º├úo\PLATAFORMA\allka-2026\node_m
odules\gensync\index.js:273:13
      at async.call.result.err.err (C:\Users\Usu├írio\Documents\Verifica├º├úo\P
LATAFORMA\allka-2026\node_modules\gensync\index.js:223:11)
      at C:\Users\Usu├írio\Documents\Verifica├º├úo\PLATAFORMA\allka-2026\node_m
odules\gensync\index.js:189:28
      at C:\Users\Usu├írio\Documents\Verifica├º├úo\PLATAFORMA\allka-2026\node_m
odules\@babel\core\lib\gensync-utils\async.js:67:7
      at C:\Users\Usu├írio\Documents\Verifica├º├úo\PLATAFORMA\allka-2026\node_m
odules\gensync\index.js:113:33
      at step (C:\Users\Usu├írio\Documents\Verifica├º├úo\PLATAFORMA\allka-2026\
node_modules\gensync\index.js:287:14)
      at C:\Users\Usu├írio\Documents\Verifica├º├úo\PLATAFORMA\allka-2026\node_m
odules\gensync\index.js:273:13
      at async.call.result.err.err (C:\Users\Usu├írio\Documents\Verifica├º├úo\P
LATAFORMA\allka-2026\node_modules\gensync\index.js:223:11)
[2m21:02:40[22m [31m[1m[vite][22m[39m [31m[2m(client)[22m[39m 
Pre-transform error: 
C:\Users\Usu├írio\Documents\Verifica├º├úo\PLATAFORMA\allka-2026\main.tsx: 
Identifier 'ErrorBoundary' has already been declared. (46:6)

[0m [90m 44 |[39m })
 [90m 45 |[39m
[31m[1m>[22m[39m[90m 46 |[39m [36mclass[39m [33mErrorBoundary[39m 
[36mextends[39m [33mReact[39m[33m.[39m[33mComponent[39m[33m<[39m{ 
children[33m:[39m [33mReact[39m[33m.[39m[33mReactNode[39m }[33m,[39m 
{ error[33m:[39m [33mError[39m [33m|[39m [36mnull[39m }[33m>[39m {
 [90m    |[39m       [31m[1m^[22m[39m
 [90m 47 |[39m   constructor(props[33m:[39m { children[33m:[39m 
[33mReact[39m[33m.[39m[33mReactNode[39m }) { 
[36msuper[39m(props)[33m;[39m [36mthis[39m[33m.[39mstate [33m=[39m { 
error[33m:[39m [36mnull[39m } }
 [90m 48 |[39m   [36mstatic[39m getDerivedStateFromError(error[33m:[39m 
[33mError[39m) { [36mreturn[39m { error } }
 [90m 49 |[39m   render() {[0m
  Plugin: [35mvite:react-babel[39m
  File: [36mC:/Users/Usu├írio/Documents/Verifica├º├úo/PLATAFORMA/allka-2026/ma
in.tsx[39m:46:6
[33m  44 |  })
  45 |  
  46 |  class ErrorBoundary extends React.Component<{ children: 
React.ReactNode }, { error: Error | null }> {
     |                                                     ^
  47 |    constructor(props: { children: React.ReactNode }) { super(props); 
this.state = { error: null } }
  48 |    static getDerivedStateFromError(error: Error) { return { error } 
}[39m
[2m21:02:40[22m [31m[1m[vite][22m[39m [31mInternal server error: 
C:\Users\Usu├írio\Documents\Verifica├º├úo\PLATAFORMA\allka-2026\main.tsx: 
Identifier 'ErrorBoundary' has already been declared. (46:6)

[0m [90m 44 |[31m })
 [90m 45 |[31m
[31m[1m>[22m[31m[90m 46 |[31m [36mclass[31m [33mErrorBoundary[31m 
[36mextends[31m [33mReact[31m[33m.[31m[33mComponent[31m[33m<[31m{ 
children[33m:[31m [33mReact[31m[33m.[31m[33mReactNode[31m }[33m,[31m 
{ error[33m:[31m [33mError[31m [33m|[31m [36mnull[31m }[33m>[31m {
 [90m    |[31m       [31m[1m^[22m[31m
 [90m 47 |[31m   constructor(props[33m:[31m { children[33m:[31m 
[33mReact[31m[33m.[31m[33mReactNode[31m }) { 
[36msuper[31m(props)[33m;[31m [36mthis[31m[33m.[31mstate [33m=[31m { 
error[33m:[31m [36mnull[31m } }
 [90m 48 |[31m   [36mstatic[31m getDerivedStateFromError(error[33m:[31m 
[33mError[31m) { [36mreturn[31m { error } }
 [90m 49 |[31m   render() {[0m[39m
  Plugin: [35mvite:react-babel[39m
  File: [36mC:/Users/Usu├írio/Documents/Verifica├º├úo/PLATAFORMA/allka-2026/ma
in.tsx[39m:46:6
[33m  44 |  })
  45 |  
  46 |  class ErrorBoundary extends React.Component<{ children: 
React.ReactNode }, { error: Error | null }> {
     |                                                     ^
  47 |    constructor(props: { children: React.ReactNode }) { super(props); 
this.state = { error: null } }
  48 |    static getDerivedStateFromError(error: Error) { return { error } 
}[39m
      at constructor (C:\Users\Usu├írio\Documents\Verifica├º├úo\PLATAFORMA\allk
a-2026\node_modules\@babel\parser\lib\index.js:365:19)
      at TypeScriptParserMixin.raise (C:\Users\Usu├írio\Documents\Verifica├º├úo
\PLATAFORMA\allka-2026\node_modules\@babel\parser\lib\index.js:6599:19)
      at TypeScriptScopeHandler.checkRedeclarationInScope (C:\Users\Usu├írio\Do
cuments\Verifica├º├úo\PLATAFORMA\allka-2026\node_modules\@babel\parser\lib\inde
x.js:1619:19)
      at TypeScriptScopeHandler.declareName (C:\Users\Usu├írio\Documents\Verifi
ca├º├úo\PLATAFORMA\allka-2026\node_modules\@babel\parser\lib\index.js:1585:12)
      at TypeScriptScopeHandler.declareName (C:\Users\Usu├írio\Documents\Verifi
ca├º├úo\PLATAFORMA\allka-2026\node_modules\@babel\parser\lib\index.js:4880:11)
      at TypeScriptParserMixin.declareNameFromIdentifier (C:\Users\Usu├írio\Doc
uments\Verifica├º├úo\PLATAFORMA\allka-2026\node_modules\@babel\parser\lib\index
.js:7567:16)
      at TypeScriptParserMixin.parseClassId (C:\Users\Usu├írio\Documents\Verifi
ca├º├úo\PLATAFORMA\allka-2026\node_modules\@babel\parser\lib\index.js:13767:14)
      at TypeScriptParserMixin.parseClassId (C:\Users\Usu├írio\Documents\Verifi
ca├º├úo\PLATAFORMA\allka-2026\node_modules\@babel\parser\lib\index.js:9644:11)
      at TypeScriptParserMixin.parseClass (C:\Users\Usu├írio\Documents\Verifica
├º├úo\PLATAFORMA\allka-2026\node_modules\@babel\parser\lib\index.js:13472:10)
      at TypeScriptParserMixin.parseClass (C:\Users\Usu├írio\Documents\Verifica
├º├úo\PLATAFORMA\allka-2026\node_modules\@babel\parser\lib\index.js:10079:20)
      at TypeScriptParserMixin.parseStatementContent (C:\Users\Usu├írio\Documen
ts\Verifica├º├úo\PLATAFORMA\allka-2026\node_modules\@babel\parser\lib\index.js:
12794:21)
      at TypeScriptParserMixin.parseStatementContent (C:\Users\Usu├írio\Documen
ts\Verifica├º├úo\PLATAFORMA\allka-2026\node_modules\@babel\parser\lib\index.js:
9508:18)
      at TypeScriptParserMixin.parseStatementLike (C:\Users\Usu├írio\Documents\
Verifica├º├úo\PLATAFORMA\allka-2026\node_modules\@babel\parser\lib\index.js:127
67:17)
      at TypeScriptParserMixin.parseModuleItem (C:\Users\Usu├írio\Documents\Ver
ifica├º├úo\PLATAFORMA\allka-2026\node_modules\@babel\parser\lib\index.js:12744:
17)
      at TypeScriptParserMixin.parseBlockOrModuleBlockBody (C:\Users\Usu├írio\D
ocuments\Verifica├º├úo\PLATAFORMA\allka-2026\node_modules\@babel\parser\lib\ind
ex.js:13316:36)
      at TypeScriptParserMixin.parseBlockBody (C:\Users\Usu├írio\Documents\Veri
fica├º├úo\PLATAFORMA\allka-2026\node_modules\@babel\parser\lib\index.js:13309:1
0)
      at TypeScriptParserMixin.parseProgram (C:\Users\Usu├írio\Documents\Verifi
ca├º├úo\PLATAFORMA\allka-2026\node_modules\@babel\parser\lib\index.js:12622:10)
      at TypeScriptParserMixin.parseTopLevel (C:\Users\Usu├írio\Documents\Verif
ica├º├úo\PLATAFORMA\allka-2026\node_modules\@babel\parser\lib\index.js:12612:25
)
      at TypeScriptParserMixin.parse (C:\Users\Usu├írio\Documents\Verifica├º├úo
\PLATAFORMA\allka-2026\node_modules\@babel\parser\lib\index.js:14488:25)
      at TypeScriptParserMixin.parse (C:\Users\Usu├írio\Documents\Verifica├º├úo
\PLATAFORMA\allka-2026\node_modules\@babel\parser\lib\index.js:10126:18)
      at parse (C:\Users\Usu├írio\Documents\Verifica├º├úo\PLATAFORMA\allka-2026
\node_modules\@babel\parser\lib\index.js:14522:38)
      at parser (C:\Users\Usu├írio\Documents\Verifica├º├úo\PLATAFORMA\allka-202
6\node_modules\@babel\core\lib\parser\index.js:41:34)
      at parser.next (<anonymous>)
      at normalizeFile (C:\Users\Usu├írio\Documents\Verifica├º├úo\PLATAFORMA\al
lka-2026\node_modules\@babel\core\lib\transformation\normalize-file.js:64:37)
      at normalizeFile.next (<anonymous>)
      at run (C:\Users\Usu├írio\Documents\Verifica├º├úo\PLATAFORMA\allka-2026\n
ode_modules\@babel\core\lib\transformation\index.js:22:50)
      at run.next (<anonymous>)
      at transform (C:\Users\Usu├írio\Documents\Verifica├º├úo\PLATAFORMA\allka-
2026\node_modules\@babel\core\lib\transform.js:22:33)
      at transform.next (<anonymous>)
      at step (C:\Users\Usu├írio\Documents\Verifica├º├úo\PLATAFORMA\allka-2026\
node_modules\gensync\index.js:261:32)
      at C:\Users\Usu├írio\Documents\Verifica├º├úo\PLATAFORMA\allka-2026\node_m
odules\gensync\index.js:273:13
      at async.call.result.err.err (C:\Users\Usu├írio\Documents\Verifica├º├úo\P
LATAFORMA\allka-2026\node_modules\gensync\index.js:223:11)
      at C:\Users\Usu├írio\Documents\Verifica├º├úo\PLATAFORMA\allka-2026\node_m
odules\gensync\index.js:189:28
      at C:\Users\Usu├írio\Documents\Verifica├º├úo\PLATAFORMA\allka-2026\node_m
odules\@babel\core\lib\gensync-utils\async.js:67:7
      at C:\Users\Usu├írio\Documents\Verifica├º├úo\PLATAFORMA\allka-2026\node_m
odules\gensync\index.js:113:33
      at step (C:\Users\Usu├írio\Documents\Verifica├º├úo\PLATAFORMA\allka-2026\
node_modules\gensync\index.js:287:14)
      at C:\Users\Usu├írio\Documents\Verifica├º├úo\PLATAFORMA\allka-2026\node_m
odules\gensync\index.js:273:13
      at async.call.result.err.err (C:\Users\Usu├írio\Documents\Verifica├º├úo\P
LATAFORMA\allka-2026\node_modules\gensync\index.js:223:11)
[2m21:02:41[22m [31m[1m[vite][22m[39m [31m[2m(client)[22m[39m 
Pre-transform error: 
C:\Users\Usu├írio\Documents\Verifica├º├úo\PLATAFORMA\allka-2026\main.tsx: 
Identifier 'ErrorBoundary' has already been declared. (46:6)

[0m [90m 44 |[39m })
 [90m 45 |[39m
[31m[1m>[22m[39m[90m 46 |[39m [36mclass[39m [33mErrorBoundary[39m 
[36mextends[39m [33mReact[39m[33m.[39m[33mComponent[39m[33m<[39m{ 
children[33m:[39m [33mReact[39m[33m.[39m[33mReactNode[39m }[33m,[39m 
{ error[33m:[39m [33mError[39m [33m|[39m [36mnull[39m }[33m>[39m {
 [90m    |[39m       [31m[1m^[22m[39m
 [90m 47 |[39m   constructor(props[33m:[39m { children[33m:[39m 
[33mReact[39m[33m.[39m[33mReactNode[39m }) { 
[36msuper[39m(props)[33m;[39m [36mthis[39m[33m.[39mstate [33m=[39m { 
error[33m:[39m [36mnull[39m } }
 [90m 48 |[39m   [36mstatic[39m getDerivedStateFromError(error[33m:[39m 
[33mError[39m) { [36mreturn[39m { error } }
 [90m 49 |[39m   render() {[0m
  Plugin: [35mvite:react-babel[39m
  File: [36mC:/Users/Usu├írio/Documents/Verifica├º├úo/PLATAFORMA/allka-2026/ma
in.tsx[39m:46:6
[33m  44 |  })
  45 |  
  46 |  class ErrorBoundary extends React.Component<{ children: 
React.ReactNode }, { error: Error | null }> {
     |                                                     ^
  47 |    constructor(props: { children: React.ReactNode }) { super(props); 
this.state = { error: null } }
  48 |    static getDerivedStateFromError(error: Error) { return { error } 
}[39m
[2m21:02:41[22m [31m[1m[vite][22m[39m [31mInternal server error: 
C:\Users\Usu├írio\Documents\Verifica├º├úo\PLATAFORMA\allka-2026\main.tsx: 
Identifier 'ErrorBoundary' has already been declared. (46:6)

[0m [90m 44 |[31m })
 [90m 45 |[31m
[31m[1m>[22m[31m[90m 46 |[31m [36mclass[31m [33mErrorBoundary[31m 
[36mextends[31m [33mReact[31m[33m.[31m[33mComponent[31m[33m<[31m{ 
children[33m:[31m [33mReact[31m[33m.[31m[33mReactNode[31m }[33m,[31m 
{ error[33m:[31m [33mError[31m [33m|[31m [36mnull[31m }[33m>[31m {
 [90m    |[31m       [31m[1m^[22m[31m
 [90m 47 |[31m   constructor(props[33m:[31m { children[33m:[31m 
[33mReact[31m[33m.[31m[33mReactNode[31m }) { 
[36msuper[31m(props)[33m;[31m [36mthis[31m[33m.[31mstate [33m=[31m { 
error[33m:[31m [36mnull[31m } }
 [90m 48 |[31m   [36mstatic[31m getDerivedStateFromError(error[33m:[31m 
[33mError[31m) { [36mreturn[31m { error } }
 [90m 49 |[31m   render() {[0m[39m
  Plugin: [35mvite:react-babel[39m
  File: [36mC:/Users/Usu├írio/Documents/Verifica├º├úo/PLATAFORMA/allka-2026/ma
in.tsx[39m:46:6
[33m  44 |  })
  45 |  
  46 |  class ErrorBoundary extends React.Component<{ children: 
React.ReactNode }, { error: Error | null }> {
     |                                                     ^
  47 |    constructor(props: { children: React.ReactNode }) { super(props); 
this.state = { error: null } }
  48 |    static getDerivedStateFromError(error: Error) { return { error } 
}[39m
      at constructor (C:\Users\Usu├írio\Documents\Verifica├º├úo\PLATAFORMA\allk
a-2026\node_modules\@babel\parser\lib\index.js:365:19)
      at TypeScriptParserMixin.raise (C:\Users\Usu├írio\Documents\Verifica├º├úo
\PLATAFORMA\allka-2026\node_modules\@babel\parser\lib\index.js:6599:19)
      at TypeScriptScopeHandler.checkRedeclarationInScope (C:\Users\Usu├írio\Do
cuments\Verifica├º├úo\PLATAFORMA\allka-2026\node_modules\@babel\parser\lib\inde
x.js:1619:19)
      at TypeScriptScopeHandler.declareName (C:\Users\Usu├írio\Documents\Verifi
ca├º├úo\PLATAFORMA\allka-2026\node_modules\@babel\parser\lib\index.js:1585:12)
      at TypeScriptScopeHandler.declareName (C:\Users\Usu├írio\Documents\Verifi
ca├º├úo\PLATAFORMA\allka-2026\node_modules\@babel\parser\lib\index.js:4880:11)
      at TypeScriptParserMixin.declareNameFromIdentifier (C:\Users\Usu├írio\Doc
uments\Verifica├º├úo\PLATAFORMA\allka-2026\node_modules\@babel\parser\lib\index
.js:7567:16)
      at TypeScriptParserMixin.parseClassId (C:\Users\Usu├írio\Documents\Verifi
ca├º├úo\PLATAFORMA\allka-2026\node_modules\@babel\parser\lib\index.js:13767:14)
      at TypeScriptParserMixin.parseClassId (C:\Users\Usu├írio\Documents\Verifi
ca├º├úo\PLATAFORMA\allka-2026\node_modules\@babel\parser\lib\index.js:9644:11)
      at TypeScriptParserMixin.parseClass (C:\Users\Usu├írio\Documents\Verifica
├º├úo\PLATAFORMA\allka-2026\node_modules\@babel\parser\lib\index.js:13472:10)
      at TypeScriptParserMixin.parseClass (C:\Users\Usu├írio\Documents\Verifica
├º├úo\PLATAFORMA\allka-2026\node_modules\@babel\parser\lib\index.js:10079:20)
      at TypeScriptParserMixin.parseStatementContent (C:\Users\Usu├írio\Documen
ts\Verifica├º├úo\PLATAFORMA\allka-2026\node_modules\@babel\parser\lib\index.js:
12794:21)
      at TypeScriptParserMixin.parseStatementContent (C:\Users\Usu├írio\Documen
ts\Verifica├º├úo\PLATAFORMA\allka-2026\node_modules\@babel\parser\lib\index.js:
9508:18)
      at TypeScriptParserMixin.parseStatementLike (C:\Users\Usu├írio\Documents\
Verifica├º├úo\PLATAFORMA\allka-2026\node_modules\@babel\parser\lib\index.js:127
67:17)
      at TypeScriptParserMixin.parseModuleItem (C:\Users\Usu├írio\Documents\Ver
ifica├º├úo\PLATAFORMA\allka-2026\node_modules\@babel\parser\lib\index.js:12744:
17)
      at TypeScriptParserMixin.parseBlockOrModuleBlockBody (C:\Users\Usu├írio\D
ocuments\Verifica├º├úo\PLATAFORMA\allka-2026\node_modules\@babel\parser\lib\ind
ex.js:13316:36)
      at TypeScriptParserMixin.parseBlockBody (C:\Users\Usu├írio\Documents\Veri
fica├º├úo\PLATAFORMA\allka-2026\node_modules\@babel\parser\lib\index.js:13309:1
0)
      at TypeScriptParserMixin.parseProgram (C:\Users\Usu├írio\Documents\Verifi
ca├º├úo\PLATAFORMA\allka-2026\node_modules\@babel\parser\lib\index.js:12622:10)
      at TypeScriptParserMixin.parseTopLevel (C:\Users\Usu├írio\Documents\Verif
ica├º├úo\PLATAFORMA\allka-2026\node_modules\@babel\parser\lib\index.js:12612:25
)
      at TypeScriptParserMixin.parse (C:\Users\Usu├írio\Documents\Verifica├º├úo
\PLATAFORMA\allka-2026\node_modules\@babel\parser\lib\index.js:14488:25)
      at TypeScriptParserMixin.parse (C:\Users\Usu├írio\Documents\Verifica├º├úo
\PLATAFORMA\allka-2026\node_modules\@babel\parser\lib\index.js:10126:18)
      at parse (C:\Users\Usu├írio\Documents\Verifica├º├úo\PLATAFORMA\allka-2026
\node_modules\@babel\parser\lib\index.js:14522:38)
      at parser (C:\Users\Usu├írio\Documents\Verifica├º├úo\PLATAFORMA\allka-202
6\node_modules\@babel\core\lib\parser\index.js:41:34)
      at parser.next (<anonymous>)
      at normalizeFile (C:\Users\Usu├írio\Documents\Verifica├º├úo\PLATAFORMA\al
lka-2026\node_modules\@babel\core\lib\transformation\normalize-file.js:64:37)
      at normalizeFile.next (<anonymous>)
      at run (C:\Users\Usu├írio\Documents\Verifica├º├úo\PLATAFORMA\allka-2026\n
ode_modules\@babel\core\lib\transformation\index.js:22:50)
      at run.next (<anonymous>)
      at transform (C:\Users\Usu├írio\Documents\Verifica├º├úo\PLATAFORMA\allka-
2026\node_modules\@babel\core\lib\transform.js:22:33)
      at transform.next (<anonymous>)
      at step (C:\Users\Usu├írio\Documents\Verifica├º├úo\PLATAFORMA\allka-2026\
node_modules\gensync\index.js:261:32)
      at C:\Users\Usu├írio\Documents\Verifica├º├úo\PLATAFORMA\allka-2026\node_m
odules\gensync\index.js:273:13
      at async.call.result.err.err (C:\Users\Usu├írio\Documents\Verifica├º├úo\P
LATAFORMA\allka-2026\node_modules\gensync\index.js:223:11)
      at C:\Users\Usu├írio\Documents\Verifica├º├úo\PLATAFORMA\allka-2026\node_m
odules\gensync\index.js:189:28
      at C:\Users\Usu├írio\Documents\Verifica├º├úo\PLATAFORMA\allka-2026\node_m
odules\@babel\core\lib\gensync-utils\async.js:67:7
      at C:\Users\Usu├írio\Documents\Verifica├º├úo\PLATAFORMA\allka-2026\node_m
odules\gensync\index.js:113:33
      at step (C:\Users\Usu├írio\Documents\Verifica├º├úo\PLATAFORMA\allka-2026\
node_modules\gensync\index.js:287:14)
      at C:\Users\Usu├írio\Documents\Verifica├º├úo\PLATAFORMA\allka-2026\node_m
odules\gensync\index.js:273:13
      at async.call.result.err.err (C:\Users\Usu├írio\Documents\Verifica├º├úo\P
LATAFORMA\allka-2026\node_modules\gensync\index.js:223:11)
[2m21:02:42[22m [31m[1m[vite][22m[39m [31m[2m(client)[22m[39m 
Pre-transform error: 
C:\Users\Usu├írio\Documents\Verifica├º├úo\PLATAFORMA\allka-2026\main.tsx: 
Identifier 'ErrorBoundary' has already been declared. (46:6)

[0m [90m 44 |[39m })
 [90m 45 |[39m
[31m[1m>[22m[39m[90m 46 |[39m [36mclass[39m [33mErrorBoundary[39m 
[36mextends[39m [33mReact[39m[33m.[39m[33mComponent[39m[33m<[39m{ 
children[33m:[39m [33mReact[39m[33m.[39m[33mReactNode[39m }[33m,[39m 
{ error[33m:[39m [33mError[39m [33m|[39m [36mnull[39m }[33m>[39m {
 [90m    |[39m       [31m[1m^[22m[39m
 [90m 47 |[39m   constructor(props[33m:[39m { children[33m:[39m 
[33mReact[39m[33m.[39m[33mReactNode[39m }) { 
[36msuper[39m(props)[33m;[39m [36mthis[39m[33m.[39mstate [33m=[39m { 
error[33m:[39m [36mnull[39m } }
 [90m 48 |[39m   [36mstatic[39m getDerivedStateFromError(error[33m:[39m 
[33mError[39m) { [36mreturn[39m { error } }
 [90m 49 |[39m   render() {[0m
  Plugin: [35mvite:react-babel[39m
  File: [36mC:/Users/Usu├írio/Documents/Verifica├º├úo/PLATAFORMA/allka-2026/ma
in.tsx[39m:46:6
[33m  44 |  })
  45 |  
  46 |  class ErrorBoundary extends React.Component<{ children: 
React.ReactNode }, { error: Error | null }> {
     |                                                     ^
  47 |    constructor(props: { children: React.ReactNode }) { super(props); 
this.state = { error: null } }
  48 |    static getDerivedStateFromError(error: Error) { return { error } 
}[39m
[2m21:02:42[22m [31m[1m[vite][22m[39m [31mInternal server error: 
C:\Users\Usu├írio\Documents\Verifica├º├úo\PLATAFORMA\allka-2026\main.tsx: 
Identifier 'ErrorBoundary' has already been declared. (46:6)

[0m [90m 44 |[31m })
 [90m 45 |[31m
[31m[1m>[22m[31m[90m 46 |[31m [36mclass[31m [33mErrorBoundary[31m 
[36mextends[31m [33mReact[31m[33m.[31m[33mComponent[31m[33m<[31m{ 
children[33m:[31m [33mReact[31m[33m.[31m[33mReactNode[31m }[33m,[31m 
{ error[33m:[31m [33mError[31m [33m|[31m [36mnull[31m }[33m>[31m {
 [90m    |[31m       [31m[1m^[22m[31m
 [90m 47 |[31m   constructor(props[33m:[31m { children[33m:[31m 
[33mReact[31m[33m.[31m[33mReactNode[31m }) { 
[36msuper[31m(props)[33m;[31m [36mthis[31m[33m.[31mstate [33m=[31m { 
error[33m:[31m [36mnull[31m } }
 [90m 48 |[31m   [36mstatic[31m getDerivedStateFromError(error[33m:[31m 
[33mError[31m) { [36mreturn[31m { error } }
 [90m 49 |[31m   render() {[0m[39m
  Plugin: [35mvite:react-babel[39m
  File: [36mC:/Users/Usu├írio/Documents/Verifica├º├úo/PLATAFORMA/allka-2026/ma
in.tsx[39m:46:6
[33m  44 |  })
  45 |  
  46 |  class ErrorBoundary extends React.Component<{ children: 
React.ReactNode }, { error: Error | null }> {
     |                                                     ^
  47 |    constructor(props: { children: React.ReactNode }) { super(props); 
this.state = { error: null } }
  48 |    static getDerivedStateFromError(error: Error) { return { error } 
}[39m
      at constructor (C:\Users\Usu├írio\Documents\Verifica├º├úo\PLATAFORMA\allk
a-2026\node_modules\@babel\parser\lib\index.js:365:19)
      at TypeScriptParserMixin.raise (C:\Users\Usu├írio\Documents\Verifica├º├úo
\PLATAFORMA\allka-2026\node_modules\@babel\parser\lib\index.js:6599:19)
      at TypeScriptScopeHandler.checkRedeclarationInScope (C:\Users\Usu├írio\Do
cuments\Verifica├º├úo\PLATAFORMA\allka-2026\node_modules\@babel\parser\lib\inde
x.js:1619:19)
      at TypeScriptScopeHandler.declareName (C:\Users\Usu├írio\Documents\Verifi
ca├º├úo\PLATAFORMA\allka-2026\node_modules\@babel\parser\lib\index.js:1585:12)
      at TypeScriptScopeHandler.declareName (C:\Users\Usu├írio\Documents\Verifi
ca├º├úo\PLATAFORMA\allka-2026\node_modules\@babel\parser\lib\index.js:4880:11)
      at TypeScriptParserMixin.declareNameFromIdentifier (C:\Users\Usu├írio\Doc
uments\Verifica├º├úo\PLATAFORMA\allka-2026\node_modules\@babel\parser\lib\index
.js:7567:16)
      at TypeScriptParserMixin.parseClassId (C:\Users\Usu├írio\Documents\Verifi
ca├º├úo\PLATAFORMA\allka-2026\node_modules\@babel\parser\lib\index.js:13767:14)
      at TypeScriptParserMixin.parseClassId (C:\Users\Usu├írio\Documents\Verifi
ca├º├úo\PLATAFORMA\allka-2026\node_modules\@babel\parser\lib\index.js:9644:11)
      at TypeScriptParserMixin.parseClass (C:\Users\Usu├írio\Documents\Verifica
├º├úo\PLATAFORMA\allka-2026\node_modules\@babel\parser\lib\index.js:13472:10)
      at TypeScriptParserMixin.parseClass (C:\Users\Usu├írio\Documents\Verifica
├º├úo\PLATAFORMA\allka-2026\node_modules\@babel\parser\lib\index.js:10079:20)
      at TypeScriptParserMixin.parseStatementContent (C:\Users\Usu├írio\Documen
ts\Verifica├º├úo\PLATAFORMA\allka-2026\node_modules\@babel\parser\lib\index.js:
12794:21)
      at TypeScriptParserMixin.parseStatementContent (C:\Users\Usu├írio\Documen
ts\Verifica├º├úo\PLATAFORMA\allka-2026\node_modules\@babel\parser\lib\index.js:
9508:18)
      at TypeScriptParserMixin.parseStatementLike (C:\Users\Usu├írio\Documents\
Verifica├º├úo\PLATAFORMA\allka-2026\node_modules\@babel\parser\lib\index.js:127
67:17)
      at TypeScriptParserMixin.parseModuleItem (C:\Users\Usu├írio\Documents\Ver
ifica├º├úo\PLATAFORMA\allka-2026\node_modules\@babel\parser\lib\index.js:12744:
17)
      at TypeScriptParserMixin.parseBlockOrModuleBlockBody (C:\Users\Usu├írio\D
ocuments\Verifica├º├úo\PLATAFORMA\allka-2026\node_modules\@babel\parser\lib\ind
ex.js:13316:36)
      at TypeScriptParserMixin.parseBlockBody (C:\Users\Usu├írio\Documents\Veri
fica├º├úo\PLATAFORMA\allka-2026\node_modules\@babel\parser\lib\index.js:13309:1
0)
      at TypeScriptParserMixin.parseProgram (C:\Users\Usu├írio\Documents\Verifi
ca├º├úo\PLATAFORMA\allka-2026\node_modules\@babel\parser\lib\index.js:12622:10)
      at TypeScriptParserMixin.parseTopLevel (C:\Users\Usu├írio\Documents\Verif
ica├º├úo\PLATAFORMA\allka-2026\node_modules\@babel\parser\lib\index.js:12612:25
)
      at TypeScriptParserMixin.parse (C:\Users\Usu├írio\Documents\Verifica├º├úo
\PLATAFORMA\allka-2026\node_modules\@babel\parser\lib\index.js:14488:25)
      at TypeScriptParserMixin.parse (C:\Users\Usu├írio\Documents\Verifica├º├úo
\PLATAFORMA\allka-2026\node_modules\@babel\parser\lib\index.js:10126:18)
      at parse (C:\Users\Usu├írio\Documents\Verifica├º├úo\PLATAFORMA\allka-2026
\node_modules\@babel\parser\lib\index.js:14522:38)
      at parser (C:\Users\Usu├írio\Documents\Verifica├º├úo\PLATAFORMA\allka-202
6\node_modules\@babel\core\lib\parser\index.js:41:34)
      at parser.next (<anonymous>)
      at normalizeFile (C:\Users\Usu├írio\Documents\Verifica├º├úo\PLATAFORMA\al
lka-2026\node_modules\@babel\core\lib\transformation\normalize-file.js:64:37)
      at normalizeFile.next (<anonymous>)
      at run (C:\Users\Usu├írio\Documents\Verifica├º├úo\PLATAFORMA\allka-2026\n
ode_modules\@babel\core\lib\transformation\index.js:22:50)
      at run.next (<anonymous>)
      at transform (C:\Users\Usu├írio\Documents\Verifica├º├úo\PLATAFORMA\allka-
2026\node_modules\@babel\core\lib\transform.js:22:33)
      at transform.next (<anonymous>)
      at step (C:\Users\Usu├írio\Documents\Verifica├º├úo\PLATAFORMA\allka-2026\
node_modules\gensync\index.js:261:32)
      at C:\Users\Usu├írio\Documents\Verifica├º├úo\PLATAFORMA\allka-2026\node_m
odules\gensync\index.js:273:13
      at async.call.result.err.err (C:\Users\Usu├írio\Documents\Verifica├º├úo\P
LATAFORMA\allka-2026\node_modules\gensync\index.js:223:11)
      at C:\Users\Usu├írio\Documents\Verifica├º├úo\PLATAFORMA\allka-2026\node_m
odules\gensync\index.js:189:28
      at C:\Users\Usu├írio\Documents\Verifica├º├úo\PLATAFORMA\allka-2026\node_m
odules\@babel\core\lib\gensync-utils\async.js:67:7
      at C:\Users\Usu├írio\Documents\Verifica├º├úo\PLATAFORMA\allka-2026\node_m
odules\gensync\index.js:113:33
      at step (C:\Users\Usu├írio\Documents\Verifica├º├úo\PLATAFORMA\allka-2026\
node_modules\gensync\index.js:287:14)
      at C:\Users\Usu├írio\Documents\Verifica├º├úo\PLATAFORMA\allka-2026\node_m
odules\gensync\index.js:273:13
      at async.call.result.err.err (C:\Users\Usu├írio\Documents\Verifica├º├úo\P
LATAFORMA\allka-2026\node_modules\gensync\index.js:223:11)
[2m21:02:42[22m [31m[1m[vite][22m[39m [31m[2m(client)[22m[39m 
Pre-transform error: 
C:\Users\Usu├írio\Documents\Verifica├º├úo\PLATAFORMA\allka-2026\main.tsx: 
Identifier 'ErrorBoundary' has already been declared. (46:6)

[0m [90m 44 |[39m })
 [90m 45 |[39m
[31m[1m>[22m[39m[90m 46 |[39m [36mclass[39m [33mErrorBoundary[39m 
[36mextends[39m [33mReact[39m[33m.[39m[33mComponent[39m[33m<[39m{ 
children[33m:[39m [33mReact[39m[33m.[39m[33mReactNode[39m }[33m,[39m 
{ error[33m:[39m [33mError[39m [33m|[39m [36mnull[39m }[33m>[39m {
 [90m    |[39m       [31m[1m^[22m[39m
 [90m 47 |[39m   constructor(props[33m:[39m { children[33m:[39m 
[33mReact[39m[33m.[39m[33mReactNode[39m }) { 
[36msuper[39m(props)[33m;[39m [36mthis[39m[33m.[39mstate [33m=[39m { 
error[33m:[39m [36mnull[39m } }
 [90m 48 |[39m   [36mstatic[39m getDerivedStateFromError(error[33m:[39m 
[33mError[39m) { [36mreturn[39m { error } }
 [90m 49 |[39m   render() {[0m
  Plugin: [35mvite:react-babel[39m
  File: [36mC:/Users/Usu├írio/Documents/Verifica├º├úo/PLATAFORMA/allka-2026/ma
in.tsx[39m:46:6
[33m  44 |  })
  45 |  
  46 |  class ErrorBoundary extends React.Component<{ children: 
React.ReactNode }, { error: Error | null }> {
     |                                                     ^
  47 |    constructor(props: { children: React.ReactNode }) { super(props); 
this.state = { error: null } }
  48 |    static getDerivedStateFromError(error: Error) { return { error } 
}[39m
[2m21:02:42[22m [31m[1m[vite][22m[39m [31mInternal server error: 
C:\Users\Usu├írio\Documents\Verifica├º├úo\PLATAFORMA\allka-2026\main.tsx: 
Identifier 'ErrorBoundary' has already been declared. (46:6)

[0m [90m 44 |[31m })
 [90m 45 |[31m
[31m[1m>[22m[31m[90m 46 |[31m [36mclass[31m [33mErrorBoundary[31m 
[36mextends[31m [33mReact[31m[33m.[31m[33mComponent[31m[33m<[31m{ 
children[33m:[31m [33mReact[31m[33m.[31m[33mReactNode[31m }[33m,[31m 
{ error[33m:[31m [33mError[31m [33m|[31m [36mnull[31m }[33m>[31m {
 [90m    |[31m       [31m[1m^[22m[31m
 [90m 47 |[31m   constructor(props[33m:[31m { children[33m:[31m 
[33mReact[31m[33m.[31m[33mReactNode[31m }) { 
[36msuper[31m(props)[33m;[31m [36mthis[31m[33m.[31mstate [33m=[31m { 
error[33m:[31m [36mnull[31m } }
 [90m 48 |[31m   [36mstatic[31m getDerivedStateFromError(error[33m:[31m 
[33mError[31m) { [36mreturn[31m { error } }
 [90m 49 |[31m   render() {[0m[39m
  Plugin: [35mvite:react-babel[39m
  File: [36mC:/Users/Usu├írio/Documents/Verifica├º├úo/PLATAFORMA/allka-2026/ma
in.tsx[39m:46:6
[33m  44 |  })
  45 |  
  46 |  class ErrorBoundary extends React.Component<{ children: 
React.ReactNode }, { error: Error | null }> {
     |                                                     ^
  47 |    constructor(props: { children: React.ReactNode }) { super(props); 
this.state = { error: null } }
  48 |    static getDerivedStateFromError(error: Error) { return { error } 
}[39m
      at constructor (C:\Users\Usu├írio\Documents\Verifica├º├úo\PLATAFORMA\allk
a-2026\node_modules\@babel\parser\lib\index.js:365:19)
      at TypeScriptParserMixin.raise (C:\Users\Usu├írio\Documents\Verifica├º├úo
\PLATAFORMA\allka-2026\node_modules\@babel\parser\lib\index.js:6599:19)
      at TypeScriptScopeHandler.checkRedeclarationInScope (C:\Users\Usu├írio\Do
cuments\Verifica├º├úo\PLATAFORMA\allka-2026\node_modules\@babel\parser\lib\inde
x.js:1619:19)
      at TypeScriptScopeHandler.declareName (C:\Users\Usu├írio\Documents\Verifi
ca├º├úo\PLATAFORMA\allka-2026\node_modules\@babel\parser\lib\index.js:1585:12)
      at TypeScriptScopeHandler.declareName (C:\Users\Usu├írio\Documents\Verifi
ca├º├úo\PLATAFORMA\allka-2026\node_modules\@babel\parser\lib\index.js:4880:11)
      at TypeScriptParserMixin.declareNameFromIdentifier (C:\Users\Usu├írio\Doc
uments\Verifica├º├úo\PLATAFORMA\allka-2026\node_modules\@babel\parser\lib\index
.js:7567:16)
      at TypeScriptParserMixin.parseClassId (C:\Users\Usu├írio\Documents\Verifi
ca├º├úo\PLATAFORMA\allka-2026\node_modules\@babel\parser\lib\index.js:13767:14)
      at TypeScriptParserMixin.parseClassId (C:\Users\Usu├írio\Documents\Verifi
ca├º├úo\PLATAFORMA\allka-2026\node_modules\@babel\parser\lib\index.js:9644:11)
      at TypeScriptParserMixin.parseClass (C:\Users\Usu├írio\Documents\Verifica
├º├úo\PLATAFORMA\allka-2026\node_modules\@babel\parser\lib\index.js:13472:10)
      at TypeScriptParserMixin.parseClass (C:\Users\Usu├írio\Documents\Verifica
├º├úo\PLATAFORMA\allka-2026\node_modules\@babel\parser\lib\index.js:10079:20)
      at TypeScriptParserMixin.parseStatementContent (C:\Users\Usu├írio\Documen
ts\Verifica├º├úo\PLATAFORMA\allka-2026\node_modules\@babel\parser\lib\index.js:
12794:21)
      at TypeScriptParserMixin.parseStatementContent (C:\Users\Usu├írio\Documen
ts\Verifica├º├úo\PLATAFORMA\allka-2026\node_modules\@babel\parser\lib\index.js:
9508:18)
      at TypeScriptParserMixin.parseStatementLike (C:\Users\Usu├írio\Documents\
Verifica├º├úo\PLATAFORMA\allka-2026\node_modules\@babel\parser\lib\index.js:127
67:17)
      at TypeScriptParserMixin.parseModuleItem (C:\Users\Usu├írio\Documents\Ver
ifica├º├úo\PLATAFORMA\allka-2026\node_modules\@babel\parser\lib\index.js:12744:
17)
      at TypeScriptParserMixin.parseBlockOrModuleBlockBody (C:\Users\Usu├írio\D
ocuments\Verifica├º├úo\PLATAFORMA\allka-2026\node_modules\@babel\parser\lib\ind
ex.js:13316:36)
      at TypeScriptParserMixin.parseBlockBody (C:\Users\Usu├írio\Documents\Veri
fica├º├úo\PLATAFORMA\allka-2026\node_modules\@babel\parser\lib\index.js:13309:1
0)
      at TypeScriptParserMixin.parseProgram (C:\Users\Usu├írio\Documents\Verifi
ca├º├úo\PLATAFORMA\allka-2026\node_modules\@babel\parser\lib\index.js:12622:10)
      at TypeScriptParserMixin.parseTopLevel (C:\Users\Usu├írio\Documents\Verif
ica├º├úo\PLATAFORMA\allka-2026\node_modules\@babel\parser\lib\index.js:12612:25
)
      at TypeScriptParserMixin.parse (C:\Users\Usu├írio\Documents\Verifica├º├úo
\PLATAFORMA\allka-2026\node_modules\@babel\parser\lib\index.js:14488:25)
      at TypeScriptParserMixin.parse (C:\Users\Usu├írio\Documents\Verifica├º├úo
\PLATAFORMA\allka-2026\node_modules\@babel\parser\lib\index.js:10126:18)
      at parse (C:\Users\Usu├írio\Documents\Verifica├º├úo\PLATAFORMA\allka-2026
\node_modules\@babel\parser\lib\index.js:14522:38)
      at parser (C:\Users\Usu├írio\Documents\Verifica├º├úo\PLATAFORMA\allka-202
6\node_modules\@babel\core\lib\parser\index.js:41:34)
      at parser.next (<anonymous>)
      at normalizeFile (C:\Users\Usu├írio\Documents\Verifica├º├úo\PLATAFORMA\al
lka-2026\node_modules\@babel\core\lib\transformation\normalize-file.js:64:37)
      at normalizeFile.next (<anonymous>)
      at run (C:\Users\Usu├írio\Documents\Verifica├º├úo\PLATAFORMA\allka-2026\n
ode_modules\@babel\core\lib\transformation\index.js:22:50)
      at run.next (<anonymous>)
      at transform (C:\Users\Usu├írio\Documents\Verifica├º├úo\PLATAFORMA\allka-
2026\node_modules\@babel\core\lib\transform.js:22:33)
      at transform.next (<anonymous>)
      at step (C:\Users\Usu├írio\Documents\Verifica├º├úo\PLATAFORMA\allka-2026\
node_modules\gensync\index.js:261:32)
      at C:\Users\Usu├írio\Documents\Verifica├º├úo\PLATAFORMA\allka-2026\node_m
odules\gensync\index.js:273:13
      at async.call.result.err.err (C:\Users\Usu├írio\Documents\Verifica├º├úo\P
LATAFORMA\allka-2026\node_modules\gensync\index.js:223:11)
      at C:\Users\Usu├írio\Documents\Verifica├º├úo\PLATAFORMA\allka-2026\node_m
odules\gensync\index.js:189:28
      at C:\Users\Usu├írio\Documents\Verifica├º├úo\PLATAFORMA\allka-2026\node_m
odules\@babel\core\lib\gensync-utils\async.js:67:7
      at C:\Users\Usu├írio\Documents\Verifica├º├úo\PLATAFORMA\allka-2026\node_m
odules\gensync\index.js:113:33
      at step (C:\Users\Usu├írio\Documents\Verifica├º├úo\PLATAFORMA\allka-2026\
node_modules\gensync\index.js:287:14)
      at C:\Users\Usu├írio\Documents\Verifica├º├úo\PLATAFORMA\allka-2026\node_m
odules\gensync\index.js:273:13
      at async.call.result.err.err (C:\Users\Usu├írio\Documents\Verifica├º├úo\P
LATAFORMA\allka-2026\node_modules\gensync\index.js:223:11)
[2m21:02:44[22m [31m[1m[vite][22m[39m [31m[2m(client)[22m[39m 
Pre-transform error: 
C:\Users\Usu├írio\Documents\Verifica├º├úo\PLATAFORMA\allka-2026\main.tsx: 
Identifier 'ErrorBoundary' has already been declared. (46:6)

[0m [90m 44 |[39m })
 [90m 45 |[39m
[31m[1m>[22m[39m[90m 46 |[39m [36mclass[39m [33mErrorBoundary[39m 
[36mextends[39m [33mReact[39m[33m.[39m[33mComponent[39m[33m<[39m{ 
children[33m:[39m [33mReact[39m[33m.[39m[33mReactNode[39m }[33m,[39m 
{ error[33m:[39m [33mError[39m [33m|[39m [36mnull[39m }[33m>[39m {
 [90m    |[39m       [31m[1m^[22m[39m
 [90m 47 |[39m   constructor(props[33m:[39m { children[33m:[39m 
[33mReact[39m[33m.[39m[33mReactNode[39m }) { 
[36msuper[39m(props)[33m;[39m [36mthis[39m[33m.[39mstate [33m=[39m { 
error[33m:[39m [36mnull[39m } }
 [90m 48 |[39m   [36mstatic[39m getDerivedStateFromError(error[33m:[39m 
[33mError[39m) { [36mreturn[39m { error } }
 [90m 49 |[39m   render() {[0m
  Plugin: [35mvite:react-babel[39m
  File: [36mC:/Users/Usu├írio/Documents/Verifica├º├úo/PLATAFORMA/allka-2026/ma
in.tsx[39m:46:6
[33m  44 |  })
  45 |  
  46 |  class ErrorBoundary extends React.Component<{ children: 
React.ReactNode }, { error: Error | null }> {
     |                                                     ^
  47 |    constructor(props: { children: React.ReactNode }) { super(props); 
this.state = { error: null } }
  48 |    static getDerivedStateFromError(error: Error) { return { error } 
}[39m
[2m21:02:44[22m [31m[1m[vite][22m[39m [31mInternal server error: 
C:\Users\Usu├írio\Documents\Verifica├º├úo\PLATAFORMA\allka-2026\main.tsx: 
Identifier 'ErrorBoundary' has already been declared. (46:6)

[0m [90m 44 |[31m })
 [90m 45 |[31m
[31m[1m>[22m[31m[90m 46 |[31m [36mclass[31m [33mErrorBoundary[31m 
[36mextends[31m [33mReact[31m[33m.[31m[33mComponent[31m[33m<[31m{ 
children[33m:[31m [33mReact[31m[33m.[31m[33mReactNode[31m }[33m,[31m 
{ error[33m:[31m [33mError[31m [33m|[31m [36mnull[31m }[33m>[31m {
 [90m    |[31m       [31m[1m^[22m[31m
 [90m 47 |[31m   constructor(props[33m:[31m { children[33m:[31m 
[33mReact[31m[33m.[31m[33mReactNode[31m }) { 
[36msuper[31m(props)[33m;[31m [36mthis[31m[33m.[31mstate [33m=[31m { 
error[33m:[31m [36mnull[31m } }
 [90m 48 |[31m   [36mstatic[31m getDerivedStateFromError(error[33m:[31m 
[33mError[31m) { [36mreturn[31m { error } }
 [90m 49 |[31m   render() {[0m[39m
  Plugin: [35mvite:react-babel[39m
  File: [36mC:/Users/Usu├írio/Documents/Verifica├º├úo/PLATAFORMA/allka-2026/ma
in.tsx[39m:46:6
[33m  44 |  })
  45 |  
  46 |  class ErrorBoundary extends React.Component<{ children: 
React.ReactNode }, { error: Error | null }> {
     |                                                     ^
  47 |    constructor(props: { children: React.ReactNode }) { super(props); 
this.state = { error: null } }
  48 |    static getDerivedStateFromError(error: Error) { return { error } 
}[39m
      at constructor (C:\Users\Usu├írio\Documents\Verifica├º├úo\PLATAFORMA\allk
a-2026\node_modules\@babel\parser\lib\index.js:365:19)
      at TypeScriptParserMixin.raise (C:\Users\Usu├írio\Documents\Verifica├º├úo
\PLATAFORMA\allka-2026\node_modules\@babel\parser\lib\index.js:6599:19)
      at TypeScriptScopeHandler.checkRedeclarationInScope (C:\Users\Usu├írio\Do
cuments\Verifica├º├úo\PLATAFORMA\allka-2026\node_modules\@babel\parser\lib\inde
x.js:1619:19)
      at TypeScriptScopeHandler.declareName (C:\Users\Usu├írio\Documents\Verifi
ca├º├úo\PLATAFORMA\allka-2026\node_modules\@babel\parser\lib\index.js:1585:12)
      at TypeScriptScopeHandler.declareName (C:\Users\Usu├írio\Documents\Verifi
ca├º├úo\PLATAFORMA\allka-2026\node_modules\@babel\parser\lib\index.js:4880:11)
      at TypeScriptParserMixin.declareNameFromIdentifier (C:\Users\Usu├írio\Doc
uments\Verifica├º├úo\PLATAFORMA\allka-2026\node_modules\@babel\parser\lib\index
.js:7567:16)
      at TypeScriptParserMixin.parseClassId (C:\Users\Usu├írio\Documents\Verifi
ca├º├úo\PLATAFORMA\allka-2026\node_modules\@babel\parser\lib\index.js:13767:14)
      at TypeScriptParserMixin.parseClassId (C:\Users\Usu├írio\Documents\Verifi
ca├º├úo\PLATAFORMA\allka-2026\node_modules\@babel\parser\lib\index.js:9644:11)
      at TypeScriptParserMixin.parseClass (C:\Users\Usu├írio\Documents\Verifica
├º├úo\PLATAFORMA\allka-2026\node_modules\@babel\parser\lib\index.js:13472:10)
      at TypeScriptParserMixin.parseClass (C:\Users\Usu├írio\Documents\Verifica
├º├úo\PLATAFORMA\allka-2026\node_modules\@babel\parser\lib\index.js:10079:20)
      at TypeScriptParserMixin.parseStatementContent (C:\Users\Usu├írio\Documen
ts\Verifica├º├úo\PLATAFORMA\allka-2026\node_modules\@babel\parser\lib\index.js:
12794:21)
      at TypeScriptParserMixin.parseStatementContent (C:\Users\Usu├írio\Documen
ts\Verifica├º├úo\PLATAFORMA\allka-2026\node_modules\@babel\parser\lib\index.js:
9508:18)
      at TypeScriptParserMixin.parseStatementLike (C:\Users\Usu├írio\Documents\
Verifica├º├úo\PLATAFORMA\allka-2026\node_modules\@babel\parser\lib\index.js:127
67:17)
      at TypeScriptParserMixin.parseModuleItem (C:\Users\Usu├írio\Documents\Ver
ifica├º├úo\PLATAFORMA\allka-2026\node_modules\@babel\parser\lib\index.js:12744:
17)
      at TypeScriptParserMixin.parseBlockOrModuleBlockBody (C:\Users\Usu├írio\D
ocuments\Verifica├º├úo\PLATAFORMA\allka-2026\node_modules\@babel\parser\lib\ind
ex.js:13316:36)
      at TypeScriptParserMixin.parseBlockBody (C:\Users\Usu├írio\Documents\Veri
fica├º├úo\PLATAFORMA\allka-2026\node_modules\@babel\parser\lib\index.js:13309:1
0)
      at TypeScriptParserMixin.parseProgram (C:\Users\Usu├írio\Documents\Verifi
ca├º├úo\PLATAFORMA\allka-2026\node_modules\@babel\parser\lib\index.js:12622:10)
      at TypeScriptParserMixin.parseTopLevel (C:\Users\Usu├írio\Documents\Verif
ica├º├úo\PLATAFORMA\allka-2026\node_modules\@babel\parser\lib\index.js:12612:25
)
      at TypeScriptParserMixin.parse (C:\Users\Usu├írio\Documents\Verifica├º├úo
\PLATAFORMA\allka-2026\node_modules\@babel\parser\lib\index.js:14488:25)
      at TypeScriptParserMixin.parse (C:\Users\Usu├írio\Documents\Verifica├º├úo
\PLATAFORMA\allka-2026\node_modules\@babel\parser\lib\index.js:10126:18)
      at parse (C:\Users\Usu├írio\Documents\Verifica├º├úo\PLATAFORMA\allka-2026
\node_modules\@babel\parser\lib\index.js:14522:38)
      at parser (C:\Users\Usu├írio\Documents\Verifica├º├úo\PLATAFORMA\allka-202
6\node_modules\@babel\core\lib\parser\index.js:41:34)
      at parser.next (<anonymous>)
      at normalizeFile (C:\Users\Usu├írio\Documents\Verifica├º├úo\PLATAFORMA\al
lka-2026\node_modules\@babel\core\lib\transformation\normalize-file.js:64:37)
      at normalizeFile.next (<anonymous>)
      at run (C:\Users\Usu├írio\Documents\Verifica├º├úo\PLATAFORMA\allka-2026\n
ode_modules\@babel\core\lib\transformation\index.js:22:50)
      at run.next (<anonymous>)
      at transform (C:\Users\Usu├írio\Documents\Verifica├º├úo\PLATAFORMA\allka-
2026\node_modules\@babel\core\lib\transform.js:22:33)
      at transform.next (<anonymous>)
      at step (C:\Users\Usu├írio\Documents\Verifica├º├úo\PLATAFORMA\allka-2026\
node_modules\gensync\index.js:261:32)
      at C:\Users\Usu├írio\Documents\Verifica├º├úo\PLATAFORMA\allka-2026\node_m
odules\gensync\index.js:273:13
      at async.call.result.err.err (C:\Users\Usu├írio\Documents\Verifica├º├úo\P
LATAFORMA\allka-2026\node_modules\gensync\index.js:223:11)
      at C:\Users\Usu├írio\Documents\Verifica├º├úo\PLATAFORMA\allka-2026\node_m
odules\gensync\index.js:189:28
      at C:\Users\Usu├írio\Documents\Verifica├º├úo\PLATAFORMA\allka-2026\node_m
odules\@babel\core\lib\gensync-utils\async.js:67:7
      at C:\Users\Usu├írio\Documents\Verifica├º├úo\PLATAFORMA\allka-2026\node_m
odules\gensync\index.js:113:33
      at step (C:\Users\Usu├írio\Documents\Verifica├º├úo\PLATAFORMA\allka-2026\
node_modules\gensync\index.js:287:14)
      at C:\Users\Usu├írio\Documents\Verifica├º├úo\PLATAFORMA\allka-2026\node_m
odules\gensync\index.js:273:13
      at async.call.result.err.err (C:\Users\Usu├írio\Documents\Verifica├º├úo\P
LATAFORMA\allka-2026\node_modules\gensync\index.js:223:11)
[2m21:02:45[22m [31m[1m[vite][22m[39m [31m[2m(client)[22m[39m 
Pre-transform error: 
C:\Users\Usu├írio\Documents\Verifica├º├úo\PLATAFORMA\allka-2026\main.tsx: 
Identifier 'ErrorBoundary' has already been declared. (46:6)

[0m [90m 44 |[39m })
 [90m 45 |[39m
[31m[1m>[22m[39m[90m 46 |[39m [36mclass[39m [33mErrorBoundary[39m 
[36mextends[39m [33mReact[39m[33m.[39m[33mComponent[39m[33m<[39m{ 
children[33m:[39m [33mReact[39m[33m.[39m[33mReactNode[39m }[33m,[39m 
{ error[33m:[39m [33mError[39m [33m|[39m [36mnull[39m }[33m>[39m {
 [90m    |[39m       [31m[1m^[22m[39m
 [90m 47 |[39m   constructor(props[33m:[39m { children[33m:[39m 
[33mReact[39m[33m.[39m[33mReactNode[39m }) { 
[36msuper[39m(props)[33m;[39m [36mthis[39m[33m.[39mstate [33m=[39m { 
error[33m:[39m [36mnull[39m } }
 [90m 48 |[39m   [36mstatic[39m getDerivedStateFromError(error[33m:[39m 
[33mError[39m) { [36mreturn[39m { error } }
 [90m 49 |[39m   render() {[0m
  Plugin: [35mvite:react-babel[39m
  File: [36mC:/Users/Usu├írio/Documents/Verifica├º├úo/PLATAFORMA/allka-2026/ma
in.tsx[39m:46:6
[33m  44 |  })
  45 |  
  46 |  class ErrorBoundary extends React.Component<{ children: 
React.ReactNode }, { error: Error | null }> {
     |                                                     ^
  47 |    constructor(props: { children: React.ReactNode }) { super(props); 
this.state = { error: null } }
  48 |    static getDerivedStateFromError(error: Error) { return { error } 
}[39m
[2m21:02:45[22m [31m[1m[vite][22m[39m [31mInternal server error: 
C:\Users\Usu├írio\Documents\Verifica├º├úo\PLATAFORMA\allka-2026\main.tsx: 
Identifier 'ErrorBoundary' has already been declared. (46:6)

[0m [90m 44 |[31m })
 [90m 45 |[31m
[31m[1m>[22m[31m[90m 46 |[31m [36mclass[31m [33mErrorBoundary[31m 
[36mextends[31m [33mReact[31m[33m.[31m[33mComponent[31m[33m<[31m{ 
children[33m:[31m [33mReact[31m[33m.[31m[33mReactNode[31m }[33m,[31m 
{ error[33m:[31m [33mError[31m [33m|[31m [36mnull[31m }[33m>[31m {
 [90m    |[31m       [31m[1m^[22m[31m
 [90m 47 |[31m   constructor(props[33m:[31m { children[33m:[31m 
[33mReact[31m[33m.[31m[33mReactNode[31m }) { 
[36msuper[31m(props)[33m;[31m [36mthis[31m[33m.[31mstate [33m=[31m { 
error[33m:[31m [36mnull[31m } }
 [90m 48 |[31m   [36mstatic[31m getDerivedStateFromError(error[33m:[31m 
[33mError[31m) { [36mreturn[31m { error } }
 [90m 49 |[31m   render() {[0m[39m
  Plugin: [35mvite:react-babel[39m
  File: [36mC:/Users/Usu├írio/Documents/Verifica├º├úo/PLATAFORMA/allka-2026/ma
in.tsx[39m:46:6
[33m  44 |  })
  45 |  
  46 |  class ErrorBoundary extends React.Component<{ children: 
React.ReactNode }, { error: Error | null }> {
     |                                                     ^
  47 |    constructor(props: { children: React.ReactNode }) { super(props); 
this.state = { error: null } }
  48 |    static getDerivedStateFromError(error: Error) { return { error } 
}[39m
      at constructor (C:\Users\Usu├írio\Documents\Verifica├º├úo\PLATAFORMA\allk
a-2026\node_modules\@babel\parser\lib\index.js:365:19)
      at TypeScriptParserMixin.raise (C:\Users\Usu├írio\Documents\Verifica├º├úo
\PLATAFORMA\allka-2026\node_modules\@babel\parser\lib\index.js:6599:19)
      at TypeScriptScopeHandler.checkRedeclarationInScope (C:\Users\Usu├írio\Do
cuments\Verifica├º├úo\PLATAFORMA\allka-2026\node_modules\@babel\parser\lib\inde
x.js:1619:19)
      at TypeScriptScopeHandler.declareName (C:\Users\Usu├írio\Documents\Verifi
ca├º├úo\PLATAFORMA\allka-2026\node_modules\@babel\parser\lib\index.js:1585:12)
      at TypeScriptScopeHandler.declareName (C:\Users\Usu├írio\Documents\Verifi
ca├º├úo\PLATAFORMA\allka-2026\node_modules\@babel\parser\lib\index.js:4880:11)
      at TypeScriptParserMixin.declareNameFromIdentifier (C:\Users\Usu├írio\Doc
uments\Verifica├º├úo\PLATAFORMA\allka-2026\node_modules\@babel\parser\lib\index
.js:7567:16)
      at TypeScriptParserMixin.parseClassId (C:\Users\Usu├írio\Documents\Verifi
ca├º├úo\PLATAFORMA\allka-2026\node_modules\@babel\parser\lib\index.js:13767:14)
      at TypeScriptParserMixin.parseClassId (C:\Users\Usu├írio\Documents\Verifi
ca├º├úo\PLATAFORMA\allka-2026\node_modules\@babel\parser\lib\index.js:9644:11)
      at TypeScriptParserMixin.parseClass (C:\Users\Usu├írio\Documents\Verifica
├º├úo\PLATAFORMA\allka-2026\node_modules\@babel\parser\lib\index.js:13472:10)
      at TypeScriptParserMixin.parseClass (C:\Users\Usu├írio\Documents\Verifica
├º├úo\PLATAFORMA\allka-2026\node_modules\@babel\parser\lib\index.js:10079:20)
      at TypeScriptParserMixin.parseStatementContent (C:\Users\Usu├írio\Documen
ts\Verifica├º├úo\PLATAFORMA\allka-2026\node_modules\@babel\parser\lib\index.js:
12794:21)
      at TypeScriptParserMixin.parseStatementContent (C:\Users\Usu├írio\Documen
ts\Verifica├º├úo\PLATAFORMA\allka-2026\node_modules\@babel\parser\lib\index.js:
9508:18)
      at TypeScriptParserMixin.parseStatementLike (C:\Users\Usu├írio\Documents\
Verifica├º├úo\PLATAFORMA\allka-2026\node_modules\@babel\parser\lib\index.js:127
67:17)
      at TypeScriptParserMixin.parseModuleItem (C:\Users\Usu├írio\Documents\Ver
ifica├º├úo\PLATAFORMA\allka-2026\node_modules\@babel\parser\lib\index.js:12744:
17)
      at TypeScriptParserMixin.parseBlockOrModuleBlockBody (C:\Users\Usu├írio\D
ocuments\Verifica├º├úo\PLATAFORMA\allka-2026\node_modules\@babel\parser\lib\ind
ex.js:13316:36)
      at TypeScriptParserMixin.parseBlockBody (C:\Users\Usu├írio\Documents\Veri
fica├º├úo\PLATAFORMA\allka-2026\node_modules\@babel\parser\lib\index.js:13309:1
0)
      at TypeScriptParserMixin.parseProgram (C:\Users\Usu├írio\Documents\Verifi
ca├º├úo\PLATAFORMA\allka-2026\node_modules\@babel\parser\lib\index.js:12622:10)
      at TypeScriptParserMixin.parseTopLevel (C:\Users\Usu├írio\Documents\Verif
ica├º├úo\PLATAFORMA\allka-2026\node_modules\@babel\parser\lib\index.js:12612:25
)
      at TypeScriptParserMixin.parse (C:\Users\Usu├írio\Documents\Verifica├º├úo
\PLATAFORMA\allka-2026\node_modules\@babel\parser\lib\index.js:14488:25)
      at TypeScriptParserMixin.parse (C:\Users\Usu├írio\Documents\Verifica├º├úo
\PLATAFORMA\allka-2026\node_modules\@babel\parser\lib\index.js:10126:18)
      at parse (C:\Users\Usu├írio\Documents\Verifica├º├úo\PLATAFORMA\allka-2026
\node_modules\@babel\parser\lib\index.js:14522:38)
      at parser (C:\Users\Usu├írio\Documents\Verifica├º├úo\PLATAFORMA\allka-202
6\node_modules\@babel\core\lib\parser\index.js:41:34)
      at parser.next (<anonymous>)
      at normalizeFile (C:\Users\Usu├írio\Documents\Verifica├º├úo\PLATAFORMA\al
lka-2026\node_modules\@babel\core\lib\transformation\normalize-file.js:64:37)
      at normalizeFile.next (<anonymous>)
      at run (C:\Users\Usu├írio\Documents\Verifica├º├úo\PLATAFORMA\allka-2026\n
ode_modules\@babel\core\lib\transformation\index.js:22:50)
      at run.next (<anonymous>)
      at transform (C:\Users\Usu├írio\Documents\Verifica├º├úo\PLATAFORMA\allka-
2026\node_modules\@babel\core\lib\transform.js:22:33)
      at transform.next (<anonymous>)
      at step (C:\Users\Usu├írio\Documents\Verifica├º├úo\PLATAFORMA\allka-2026\
node_modules\gensync\index.js:261:32)
      at C:\Users\Usu├írio\Documents\Verifica├º├úo\PLATAFORMA\allka-2026\node_m
odules\gensync\index.js:273:13
      at async.call.result.err.err (C:\Users\Usu├írio\Documents\Verifica├º├úo\P
LATAFORMA\allka-2026\node_modules\gensync\index.js:223:11)
      at C:\Users\Usu├írio\Documents\Verifica├º├úo\PLATAFORMA\allka-2026\node_m
odules\gensync\index.js:189:28
      at C:\Users\Usu├írio\Documents\Verifica├º├úo\PLATAFORMA\allka-2026\node_m
odules\@babel\core\lib\gensync-utils\async.js:67:7
      at C:\Users\Usu├írio\Documents\Verifica├º├úo\PLATAFORMA\allka-2026\node_m
odules\gensync\index.js:113:33
      at step (C:\Users\Usu├írio\Documents\Verifica├º├úo\PLATAFORMA\allka-2026\
node_modules\gensync\index.js:287:14)
      at C:\Users\Usu├írio\Documents\Verifica├º├úo\PLATAFORMA\allka-2026\node_m
odules\gensync\index.js:273:13
      at async.call.result.err.err (C:\Users\Usu├írio\Documents\Verifica├º├úo\P
LATAFORMA\allka-2026\node_modules\gensync\index.js:223:11)
[2m21:02:45[22m [31m[1m[vite][22m[39m [31m[2m(client)[22m[39m 
Pre-transform error: 
C:\Users\Usu├írio\Documents\Verifica├º├úo\PLATAFORMA\allka-2026\main.tsx: 
Identifier 'ErrorBoundary' has already been declared. (46:6)

[0m [90m 44 |[39m })
 [90m 45 |[39m
[31m[1m>[22m[39m[90m 46 |[39m [36mclass[39m [33mErrorBoundary[39m 
[36mextends[39m [33mReact[39m[33m.[39m[33mComponent[39m[33m<[39m{ 
children[33m:[39m [33mReact[39m[33m.[39m[33mReactNode[39m }[33m,[39m 
{ error[33m:[39m [33mError[39m [33m|[39m [36mnull[39m }[33m>[39m {
 [90m    |[39m       [31m[1m^[22m[39m
 [90m 47 |[39m   constructor(props[33m:[39m { children[33m:[39m 
[33mReact[39m[33m.[39m[33mReactNode[39m }) { 
[36msuper[39m(props)[33m;[39m [36mthis[39m[33m.[39mstate [33m=[39m { 
error[33m:[39m [36mnull[39m } }
 [90m 48 |[39m   [36mstatic[39m getDerivedStateFromError(error[33m:[39m 
[33mError[39m) { [36mreturn[39m { error } }
 [90m 49 |[39m   render() {[0m
  Plugin: [35mvite:react-babel[39m
  File: [36mC:/Users/Usu├írio/Documents/Verifica├º├úo/PLATAFORMA/allka-2026/ma
in.tsx[39m:46:6
[33m  44 |  })
  45 |  
  46 |  class ErrorBoundary extends React.Component<{ children: 
React.ReactNode }, { error: Error | null }> {
     |                                                     ^
  47 |    constructor(props: { children: React.ReactNode }) { super(props); 
this.state = { error: null } }
  48 |    static getDerivedStateFromError(error: Error) { return { error } 
}[39m
[2m21:02:45[22m [31m[1m[vite][22m[39m [31mInternal server error: 
C:\Users\Usu├írio\Documents\Verifica├º├úo\PLATAFORMA\allka-2026\main.tsx: 
Identifier 'ErrorBoundary' has already been declared. (46:6)

[0m [90m 44 |[31m })
 [90m 45 |[31m
[31m[1m>[22m[31m[90m 46 |[31m [36mclass[31m [33mErrorBoundary[31m 
[36mextends[31m [33mReact[31m[33m.[31m[33mComponent[31m[33m<[31m{ 
children[33m:[31m [33mReact[31m[33m.[31m[33mReactNode[31m }[33m,[31m 
{ error[33m:[31m [33mError[31m [33m|[31m [36mnull[31m }[33m>[31m {
 [90m    |[31m       [31m[1m^[22m[31m
 [90m 47 |[31m   constructor(props[33m:[31m { children[33m:[31m 
[33mReact[31m[33m.[31m[33mReactNode[31m }) { 
[36msuper[31m(props)[33m;[31m [36mthis[31m[33m.[31mstate [33m=[31m { 
error[33m:[31m [36mnull[31m } }
 [90m 48 |[31m   [36mstatic[31m getDerivedStateFromError(error[33m:[31m 
[33mError[31m) { [36mreturn[31m { error } }
 [90m 49 |[31m   render() {[0m[39m
  Plugin: [35mvite:react-babel[39m
  File: [36mC:/Users/Usu├írio/Documents/Verifica├º├úo/PLATAFORMA/allka-2026/ma
in.tsx[39m:46:6
[33m  44 |  })
  45 |  
  46 |  class ErrorBoundary extends React.Component<{ children: 
React.ReactNode }, { error: Error | null }> {
     |                                                     ^
  47 |    constructor(props: { children: React.ReactNode }) { super(props); 
this.state = { error: null } }
  48 |    static getDerivedStateFromError(error: Error) { return { error } 
}[39m
      at constructor (C:\Users\Usu├írio\Documents\Verifica├º├úo\PLATAFORMA\allk
a-2026\node_modules\@babel\parser\lib\index.js:365:19)
      at TypeScriptParserMixin.raise (C:\Users\Usu├írio\Documents\Verifica├º├úo
\PLATAFORMA\allka-2026\node_modules\@babel\parser\lib\index.js:6599:19)
      at TypeScriptScopeHandler.checkRedeclarationInScope (C:\Users\Usu├írio\Do
cuments\Verifica├º├úo\PLATAFORMA\allka-2026\node_modules\@babel\parser\lib\inde
x.js:1619:19)
      at TypeScriptScopeHandler.declareName (C:\Users\Usu├írio\Documents\Verifi
ca├º├úo\PLATAFORMA\allka-2026\node_modules\@babel\parser\lib\index.js:1585:12)
      at TypeScriptScopeHandler.declareName (C:\Users\Usu├írio\Documents\Verifi
ca├º├úo\PLATAFORMA\allka-2026\node_modules\@babel\parser\lib\index.js:4880:11)
      at TypeScriptParserMixin.declareNameFromIdentifier (C:\Users\Usu├írio\Doc
uments\Verifica├º├úo\PLATAFORMA\allka-2026\node_modules\@babel\parser\lib\index
.js:7567:16)
      at TypeScriptParserMixin.parseClassId (C:\Users\Usu├írio\Documents\Verifi
ca├º├úo\PLATAFORMA\allka-2026\node_modules\@babel\parser\lib\index.js:13767:14)
      at TypeScriptParserMixin.parseClassId (C:\Users\Usu├írio\Documents\Verifi
ca├º├úo\PLATAFORMA\allka-2026\node_modules\@babel\parser\lib\index.js:9644:11)
      at TypeScriptParserMixin.parseClass (C:\Users\Usu├írio\Documents\Verifica
├º├úo\PLATAFORMA\allka-2026\node_modules\@babel\parser\lib\index.js:13472:10)
      at TypeScriptParserMixin.parseClass (C:\Users\Usu├írio\Documents\Verifica
├º├úo\PLATAFORMA\allka-2026\node_modules\@babel\parser\lib\index.js:10079:20)
      at TypeScriptParserMixin.parseStatementContent (C:\Users\Usu├írio\Documen
ts\Verifica├º├úo\PLATAFORMA\allka-2026\node_modules\@babel\parser\lib\index.js:
12794:21)
      at TypeScriptParserMixin.parseStatementContent (C:\Users\Usu├írio\Documen
ts\Verifica├º├úo\PLATAFORMA\allka-2026\node_modules\@babel\parser\lib\index.js:
9508:18)
      at TypeScriptParserMixin.parseStatementLike (C:\Users\Usu├írio\Documents\
Verifica├º├úo\PLATAFORMA\allka-2026\node_modules\@babel\parser\lib\index.js:127
67:17)
      at TypeScriptParserMixin.parseModuleItem (C:\Users\Usu├írio\Documents\Ver
ifica├º├úo\PLATAFORMA\allka-2026\node_modules\@babel\parser\lib\index.js:12744:
17)
      at TypeScriptParserMixin.parseBlockOrModuleBlockBody (C:\Users\Usu├írio\D
ocuments\Verifica├º├úo\PLATAFORMA\allka-2026\node_modules\@babel\parser\lib\ind
ex.js:13316:36)
      at TypeScriptParserMixin.parseBlockBody (C:\Users\Usu├írio\Documents\Veri
fica├º├úo\PLATAFORMA\allka-2026\node_modules\@babel\parser\lib\index.js:13309:1
0)
      at TypeScriptParserMixin.parseProgram (C:\Users\Usu├írio\Documents\Verifi
ca├º├úo\PLATAFORMA\allka-2026\node_modules\@babel\parser\lib\index.js:12622:10)
      at TypeScriptParserMixin.parseTopLevel (C:\Users\Usu├írio\Documents\Verif
ica├º├úo\PLATAFORMA\allka-2026\node_modules\@babel\parser\lib\index.js:12612:25
)
      at TypeScriptParserMixin.parse (C:\Users\Usu├írio\Documents\Verifica├º├úo
\PLATAFORMA\allka-2026\node_modules\@babel\parser\lib\index.js:14488:25)
      at TypeScriptParserMixin.parse (C:\Users\Usu├írio\Documents\Verifica├º├úo
\PLATAFORMA\allka-2026\node_modules\@babel\parser\lib\index.js:10126:18)
      at parse (C:\Users\Usu├írio\Documents\Verifica├º├úo\PLATAFORMA\allka-2026
\node_modules\@babel\parser\lib\index.js:14522:38)
      at parser (C:\Users\Usu├írio\Documents\Verifica├º├úo\PLATAFORMA\allka-202
6\node_modules\@babel\core\lib\parser\index.js:41:34)
      at parser.next (<anonymous>)
      at normalizeFile (C:\Users\Usu├írio\Documents\Verifica├º├úo\PLATAFORMA\al
lka-2026\node_modules\@babel\core\lib\transformation\normalize-file.js:64:37)
      at normalizeFile.next (<anonymous>)
      at run (C:\Users\Usu├írio\Documents\Verifica├º├úo\PLATAFORMA\allka-2026\n
ode_modules\@babel\core\lib\transformation\index.js:22:50)
      at run.next (<anonymous>)
      at transform (C:\Users\Usu├írio\Documents\Verifica├º├úo\PLATAFORMA\allka-
2026\node_modules\@babel\core\lib\transform.js:22:33)
      at transform.next (<anonymous>)
      at step (C:\Users\Usu├írio\Documents\Verifica├º├úo\PLATAFORMA\allka-2026\
node_modules\gensync\index.js:261:32)
      at C:\Users\Usu├írio\Documents\Verifica├º├úo\PLATAFORMA\allka-2026\node_m
odules\gensync\index.js:273:13
      at async.call.result.err.err (C:\Users\Usu├írio\Documents\Verifica├º├úo\P
LATAFORMA\allka-2026\node_modules\gensync\index.js:223:11)
      at C:\Users\Usu├írio\Documents\Verifica├º├úo\PLATAFORMA\allka-2026\node_m
odules\gensync\index.js:189:28
      at C:\Users\Usu├írio\Documents\Verifica├º├úo\PLATAFORMA\allka-2026\node_m
odules\@babel\core\lib\gensync-utils\async.js:67:7
      at C:\Users\Usu├írio\Documents\Verifica├º├úo\PLATAFORMA\allka-2026\node_m
odules\gensync\index.js:113:33
      at step (C:\Users\Usu├írio\Documents\Verifica├º├úo\PLATAFORMA\allka-2026\
node_modules\gensync\index.js:287:14)
      at C:\Users\Usu├írio\Documents\Verifica├º├úo\PLATAFORMA\allka-2026\node_m
odules\gensync\index.js:273:13
      at async.call.result.err.err (C:\Users\Usu├írio\Documents\Verifica├º├úo\P
LATAFORMA\allka-2026\node_modules\gensync\index.js:223:11)
[2m21:02:46[22m [31m[1m[vite][22m[39m [31m[2m(client)[22m[39m 
Pre-transform error: 
C:\Users\Usu├írio\Documents\Verifica├º├úo\PLATAFORMA\allka-2026\main.tsx: 
Identifier 'ErrorBoundary' has already been declared. (46:6)

[0m [90m 44 |[39m })
 [90m 45 |[39m
[31m[1m>[22m[39m[90m 46 |[39m [36mclass[39m [33mErrorBoundary[39m 
[36mextends[39m [33mReact[39m[33m.[39m[33mComponent[39m[33m<[39m{ 
children[33m:[39m [33mReact[39m[33m.[39m[33mReactNode[39m }[33m,[39m 
{ error[33m:[39m [33mError[39m [33m|[39m [36mnull[39m }[33m>[39m {
 [90m    |[39m       [31m[1m^[22m[39m
 [90m 47 |[39m   constructor(props[33m:[39m { children[33m:[39m 
[33mReact[39m[33m.[39m[33mReactNode[39m }) { 
[36msuper[39m(props)[33m;[39m [36mthis[39m[33m.[39mstate [33m=[39m { 
error[33m:[39m [36mnull[39m } }
 [90m 48 |[39m   [36mstatic[39m getDerivedStateFromError(error[33m:[39m 
[33mError[39m) { [36mreturn[39m { error } }
 [90m 49 |[39m   render() {[0m
  Plugin: [35mvite:react-babel[39m
  File: [36mC:/Users/Usu├írio/Documents/Verifica├º├úo/PLATAFORMA/allka-2026/ma
in.tsx[39m:46:6
[33m  44 |  })
  45 |  
  46 |  class ErrorBoundary extends React.Component<{ children: 
React.ReactNode }, { error: Error | null }> {
     |                                                     ^
  47 |    constructor(props: { children: React.ReactNode }) { super(props); 
this.state = { error: null } }
  48 |    static getDerivedStateFromError(error: Error) { return { error } 
}[39m
[2m21:02:46[22m [31m[1m[vite][22m[39m [31mInternal server error: 
C:\Users\Usu├írio\Documents\Verifica├º├úo\PLATAFORMA\allka-2026\main.tsx: 
Identifier 'ErrorBoundary' has already been declared. (46:6)

[0m [90m 44 |[31m })
 [90m 45 |[31m
[31m[1m>[22m[31m[90m 46 |[31m [36mclass[31m [33mErrorBoundary[31m 
[36mextends[31m [33mReact[31m[33m.[31m[33mComponent[31m[33m<[31m{ 
children[33m:[31m [33mReact[31m[33m.[31m[33mReactNode[31m }[33m,[31m 
{ error[33m:[31m [33mError[31m [33m|[31m [36mnull[31m }[33m>[31m {
 [90m    |[31m       [31m[1m^[22m[31m
 [90m 47 |[31m   constructor(props[33m:[31m { children[33m:[31m 
[33mReact[31m[33m.[31m[33mReactNode[31m }) { 
[36msuper[31m(props)[33m;[31m [36mthis[31m[33m.[31mstate [33m=[31m { 
error[33m:[31m [36mnull[31m } }
 [90m 48 |[31m   [36mstatic[31m getDerivedStateFromError(error[33m:[31m 
[33mError[31m) { [36mreturn[31m { error } }
 [90m 49 |[31m   render() {[0m[39m
  Plugin: [35mvite:react-babel[39m
  File: [36mC:/Users/Usu├írio/Documents/Verifica├º├úo/PLATAFORMA/allka-2026/ma
in.tsx[39m:46:6
[33m  44 |  })
  45 |  
  46 |  class ErrorBoundary extends React.Component<{ children: 
React.ReactNode }, { error: Error | null }> {
     |                                                     ^
  47 |    constructor(props: { children: React.ReactNode }) { super(props); 
this.state = { error: null } }
  48 |    static getDerivedStateFromError(error: Error) { return { error } 
}[39m
      at constructor (C:\Users\Usu├írio\Documents\Verifica├º├úo\PLATAFORMA\allk
a-2026\node_modules\@babel\parser\lib\index.js:365:19)
      at TypeScriptParserMixin.raise (C:\Users\Usu├írio\Documents\Verifica├º├úo
\PLATAFORMA\allka-2026\node_modules\@babel\parser\lib\index.js:6599:19)
      at TypeScriptScopeHandler.checkRedeclarationInScope (C:\Users\Usu├írio\Do
cuments\Verifica├º├úo\PLATAFORMA\allka-2026\node_modules\@babel\parser\lib\inde
x.js:1619:19)
      at TypeScriptScopeHandler.declareName (C:\Users\Usu├írio\Documents\Verifi
ca├º├úo\PLATAFORMA\allka-2026\node_modules\@babel\parser\lib\index.js:1585:12)
      at TypeScriptScopeHandler.declareName (C:\Users\Usu├írio\Documents\Verifi
ca├º├úo\PLATAFORMA\allka-2026\node_modules\@babel\parser\lib\index.js:4880:11)
      at TypeScriptParserMixin.declareNameFromIdentifier (C:\Users\Usu├írio\Doc
uments\Verifica├º├úo\PLATAFORMA\allka-2026\node_modules\@babel\parser\lib\index
.js:7567:16)
      at TypeScriptParserMixin.parseClassId (C:\Users\Usu├írio\Documents\Verifi
ca├º├úo\PLATAFORMA\allka-2026\node_modules\@babel\parser\lib\index.js:13767:14)
      at TypeScriptParserMixin.parseClassId (C:\Users\Usu├írio\Documents\Verifi
ca├º├úo\PLATAFORMA\allka-2026\node_modules\@babel\parser\lib\index.js:9644:11)
      at TypeScriptParserMixin.parseClass (C:\Users\Usu├írio\Documents\Verifica
├º├úo\PLATAFORMA\allka-2026\node_modules\@babel\parser\lib\index.js:13472:10)
      at TypeScriptParserMixin.parseClass (C:\Users\Usu├írio\Documents\Verifica
├º├úo\PLATAFORMA\allka-2026\node_modules\@babel\parser\lib\index.js:10079:20)
      at TypeScriptParserMixin.parseStatementContent (C:\Users\Usu├írio\Documen
ts\Verifica├º├úo\PLATAFORMA\allka-2026\node_modules\@babel\parser\lib\index.js:
12794:21)
      at TypeScriptParserMixin.parseStatementContent (C:\Users\Usu├írio\Documen
ts\Verifica├º├úo\PLATAFORMA\allka-2026\node_modules\@babel\parser\lib\index.js:
9508:18)
      at TypeScriptParserMixin.parseStatementLike (C:\Users\Usu├írio\Documents\
Verifica├º├úo\PLATAFORMA\allka-2026\node_modules\@babel\parser\lib\index.js:127
67:17)
      at TypeScriptParserMixin.parseModuleItem (C:\Users\Usu├írio\Documents\Ver
ifica├º├úo\PLATAFORMA\allka-2026\node_modules\@babel\parser\lib\index.js:12744:
17)
      at TypeScriptParserMixin.parseBlockOrModuleBlockBody (C:\Users\Usu├írio\D
ocuments\Verifica├º├úo\PLATAFORMA\allka-2026\node_modules\@babel\parser\lib\ind
ex.js:13316:36)
      at TypeScriptParserMixin.parseBlockBody (C:\Users\Usu├írio\Documents\Veri
fica├º├úo\PLATAFORMA\allka-2026\node_modules\@babel\parser\lib\index.js:13309:1
0)
      at TypeScriptParserMixin.parseProgram (C:\Users\Usu├írio\Documents\Verifi
ca├º├úo\PLATAFORMA\allka-2026\node_modules\@babel\parser\lib\index.js:12622:10)
      at TypeScriptParserMixin.parseTopLevel (C:\Users\Usu├írio\Documents\Verif
ica├º├úo\PLATAFORMA\allka-2026\node_modules\@babel\parser\lib\index.js:12612:25
)
      at TypeScriptParserMixin.parse (C:\Users\Usu├írio\Documents\Verifica├º├úo
\PLATAFORMA\allka-2026\node_modules\@babel\parser\lib\index.js:14488:25)
      at TypeScriptParserMixin.parse (C:\Users\Usu├írio\Documents\Verifica├º├úo
\PLATAFORMA\allka-2026\node_modules\@babel\parser\lib\index.js:10126:18)
      at parse (C:\Users\Usu├írio\Documents\Verifica├º├úo\PLATAFORMA\allka-2026
\node_modules\@babel\parser\lib\index.js:14522:38)
      at parser (C:\Users\Usu├írio\Documents\Verifica├º├úo\PLATAFORMA\allka-202
6\node_modules\@babel\core\lib\parser\index.js:41:34)
      at parser.next (<anonymous>)
      at normalizeFile (C:\Users\Usu├írio\Documents\Verifica├º├úo\PLATAFORMA\al
lka-2026\node_modules\@babel\core\lib\transformation\normalize-file.js:64:37)
      at normalizeFile.next (<anonymous>)
      at run (C:\Users\Usu├írio\Documents\Verifica├º├úo\PLATAFORMA\allka-2026\n
ode_modules\@babel\core\lib\transformation\index.js:22:50)
      at run.next (<anonymous>)
      at transform (C:\Users\Usu├írio\Documents\Verifica├º├úo\PLATAFORMA\allka-
2026\node_modules\@babel\core\lib\transform.js:22:33)
      at transform.next (<anonymous>)
      at step (C:\Users\Usu├írio\Documents\Verifica├º├úo\PLATAFORMA\allka-2026\
node_modules\gensync\index.js:261:32)
      at C:\Users\Usu├írio\Documents\Verifica├º├úo\PLATAFORMA\allka-2026\node_m
odules\gensync\index.js:273:13
      at async.call.result.err.err (C:\Users\Usu├írio\Documents\Verifica├º├úo\P
LATAFORMA\allka-2026\node_modules\gensync\index.js:223:11)
      at C:\Users\Usu├írio\Documents\Verifica├º├úo\PLATAFORMA\allka-2026\node_m
odules\gensync\index.js:189:28
      at C:\Users\Usu├írio\Documents\Verifica├º├úo\PLATAFORMA\allka-2026\node_m
odules\@babel\core\lib\gensync-utils\async.js:67:7
      at C:\Users\Usu├írio\Documents\Verifica├º├úo\PLATAFORMA\allka-2026\node_m
odules\gensync\index.js:113:33
      at step (C:\Users\Usu├írio\Documents\Verifica├º├úo\PLATAFORMA\allka-2026\
node_modules\gensync\index.js:287:14)
      at C:\Users\Usu├írio\Documents\Verifica├º├úo\PLATAFORMA\allka-2026\node_m
odules\gensync\index.js:273:13
      at async.call.result.err.err (C:\Users\Usu├írio\Documents\Verifica├º├úo\P
LATAFORMA\allka-2026\node_modules\gensync\index.js:223:11)
[2m21:03:24[22m [36m[1m[vite][22m[39m [90m[2m(client)[22m[39m [32mhmr update [39m[2m/main.tsx, /app/globals.css[22m
